[    0.000000] Linux version 4.15.0-212-generic (buildd@lcy02-amd64-083) (gcc version 7.5.0 (Ubuntu 7.5.0-3ubuntu1~18.04)) #223-Ubuntu SMP Tue May 23 13:09:22 UTC 2023 (Ubuntu 4.15.0-212.223-generic 4.15.18)
[    0.000000] Command line: BOOT_IMAGE=/boot/vmlinuz-4.15.0-212-generic root=LABEL=cloudimg-rootfs ro console=tty1 console=ttyS0
[    0.000000] KERNEL supported cpus:
[    0.000000]   Intel GenuineIntel
[    0.000000]   AMD AuthenticAMD
[    0.000000]   Centaur CentaurHauls
[    0.000000] x86/fpu: x87 FPU will use FXSAVE
[    0.000000] e820: BIOS-provided physical RAM map:
[    0.000000] BIOS-e820: [mem 0x0000000000000000-0x000000000009fbff] usable
[    0.000000] BIOS-e820: [mem 0x000000000009fc00-0x000000000009ffff] reserved
[    0.000000] BIOS-e820: [mem 0x00000000000f0000-0x00000000000fffff] reserved
[    0.000000] BIOS-e820: [mem 0x0000000000100000-0x000000000ffeffff] usable
[    0.000000] BIOS-e820: [mem 0x000000000fff0000-0x000000000fffffff] ACPI data
[    0.000000] BIOS-e820: [mem 0x00000000fec00000-0x00000000fec00fff] reserved
[    0.000000] BIOS-e820: [mem 0x00000000fee00000-0x00000000fee00fff] reserved
[    0.000000] BIOS-e820: [mem 0x00000000fffc0000-0x00000000ffffffff] reserved
[    0.000000] NX (Execute Disable) protection: active
[    0.000000] SMBIOS 2.5 present.
[    0.000000] DMI: innotek GmbH VirtualBox/VirtualBox, BIOS VirtualBox 12/01/2006
[    0.000000] Hypervisor detected: KVM
[    0.000000] e820: last_pfn = 0xfff0 max_arch_pfn = 0x400000000
[    0.000000] MTRR: Disabled
[    0.000000] x86/PAT: MTRRs disabled, skipping PAT initialization too.
[    0.000000] CPU MTRRs all blank - virtualized system.
[    0.000000] x86/PAT: Configuration [0-7]: WB  WT  UC- UC  WB  WT  UC- UC  
[    0.000000] found SMP MP-table at [mem 0x0009fff0-0x0009ffff]
[    0.000000] Scanning 1 areas for low memory corruption
[    0.000000] RAMDISK: [mem 0x0db01000-0x0ee12fff]
[    0.000000] ACPI: Early table checksum verification disabled
[    0.000000] ACPI: RSDP 0x00000000000E0000 000024 (v02 VBOX  )
[    0.000000] ACPI: XSDT 0x000000000FFF0030 00003C (v01 VBOX   VBOXXSDT 00000001 ASL  00000061)
[    0.000000] ACPI: FACP 0x000000000FFF00F0 0000F4 (v04 VBOX   VBOXFACP 00000001 ASL  00000061)
[    0.000000] ACPI: DSDT 0x000000000FFF0610 002353 (v02 VBOX   VBOXBIOS 00000002 INTL 20100528)
[    0.000000] ACPI: FACS 0x000000000FFF0200 000040
[    0.000000] ACPI: FACS 0x000000000FFF0200 000040
[    0.000000] ACPI: APIC 0x000000000FFF0240 000054 (v02 VBOX   VBOXAPIC 00000001 ASL  00000061)
[    0.000000] ACPI: SSDT 0x000000000FFF02A0 00036C (v01 VBOX   VBOXCPUT 00000002 INTL 20100528)
[    0.000000] ACPI: Reserving FACP table memory at [mem 0xfff00f0-0xfff01e3]
[    0.000000] ACPI: Reserving DSDT table memory at [mem 0xfff0610-0xfff2962]
[    0.000000] ACPI: Reserving FACS table memory at [mem 0xfff0200-0xfff023f]
[    0.000000] ACPI: Reserving FACS table memory at [mem 0xfff0200-0xfff023f]
[    0.000000] ACPI: Reserving APIC table memory at [mem 0xfff0240-0xfff0293]
[    0.000000] ACPI: Reserving SSDT table memory at [mem 0xfff02a0-0xfff060b]
[    0.000000] No NUMA configuration found
[    0.000000] Faking a node at [mem 0x0000000000000000-0x000000000ffeffff]
[    0.000000] NODE_DATA(0) allocated [mem 0x0ffc5000-0x0ffeffff]
[    0.000000] kvm-clock: cpu 0, msr 0:ff44001, primary cpu clock
[    0.000000] kvm-clock: Using msrs 4b564d01 and 4b564d00
[    0.000000] kvm-clock: using sched offset of 4049887401 cycles
[    0.000000] clocksource: kvm-clock: mask: 0xffffffffffffffff max_cycles: 0x1cd42e4dffb, max_idle_ns: 881590591483 ns
[    0.000000] Zone ranges:
[    0.000000]   DMA      [mem 0x0000000000001000-0x0000000000ffffff]
[    0.000000]   DMA32    [mem 0x0000000001000000-0x000000000ffeffff]
[    0.000000]   Normal   empty
[    0.000000]   Device   empty
[    0.000000] Movable zone start for each node
[    0.000000] Early memory node ranges
[    0.000000]   node   0: [mem 0x0000000000001000-0x000000000009efff]
[    0.000000]   node   0: [mem 0x0000000000100000-0x000000000ffeffff]
[    0.000000] Reserved but unavailable: 104 pages
[    0.000000] Initmem setup node 0 [mem 0x0000000000001000-0x000000000ffeffff]
[    0.000000] ACPI: PM-Timer IO Port: 0x4008
[    0.000000] IOAPIC[0]: apic_id 1, version 32, address 0xfec00000, GSI 0-23
[    0.000000] ACPI: INT_SRC_OVR (bus 0 bus_irq 0 global_irq 2 dfl dfl)
[    0.000000] ACPI: INT_SRC_OVR (bus 0 bus_irq 9 global_irq 9 low level)
[    0.000000] Using ACPI (MADT) for SMP configuration information
[    0.000000] smpboot: Allowing 1 CPUs, 0 hotplug CPUs
[    0.000000] PM: Registered nosave memory: [mem 0x00000000-0x00000fff]
[    0.000000] PM: Registered nosave memory: [mem 0x0009f000-0x0009ffff]
[    0.000000] PM: Registered nosave memory: [mem 0x000a0000-0x000effff]
[    0.000000] PM: Registered nosave memory: [mem 0x000f0000-0x000fffff]
[    0.000000] e820: [mem 0x10000000-0xfebfffff] available for PCI devices
[    0.000000] Booting paravirtualized kernel on KVM
[    0.000000] clocksource: refined-jiffies: mask: 0xffffffff max_cycles: 0xffffffff, max_idle_ns: 7645519600211568 ns
[    0.000000] setup_percpu: NR_CPUS:8192 nr_cpumask_bits:1 nr_cpu_ids:1 nr_node_ids:1
[    0.000000] percpu: Embedded 50 pages/cpu s167936 r8192 d28672 u2097152
[    0.000000] PV qspinlock hash table entries: 256 (order: 0, 4096 bytes)
[    0.000000] Built 1 zonelists, mobility grouping on.  Total pages: 64377
[    0.000000] Policy zone: DMA32
[    0.000000] Kernel command line: BOOT_IMAGE=/boot/vmlinuz-4.15.0-212-generic root=LABEL=cloudimg-rootfs ro console=tty1 console=ttyS0
[    0.000000] Memory: 208700K/261688K available (12300K kernel code, 2477K rwdata, 4324K rodata, 2480K init, 2720K bss, 52988K reserved, 0K cma-reserved)
[    0.000000] SLUB: HWalign=64, Order=0-3, MinObjects=0, CPUs=1, Nodes=1
[    0.000000] Kernel/User page tables isolation: enabled
[    0.000000] ftrace: allocating 39508 entries in 155 pages
[    0.004000] Hierarchical RCU implementation.
[    0.004000] 	RCU restricting CPUs from NR_CPUS=8192 to nr_cpu_ids=1.
[    0.004000] 	Tasks RCU enabled.
[    0.004000] RCU: Adjusting geometry for rcu_fanout_leaf=16, nr_cpu_ids=1
[    0.004000] NR_IRQS: 524544, nr_irqs: 256, preallocated irqs: 16
[    0.004000] random: crng init done
[    0.004000] Console: colour VGA+ 80x25
[    0.004000] console [tty1] enabled
[    0.004000] console [ttyS0] enabled
[    0.004000] ACPI: Core revision 20170831
[    0.004000] ACPI: 2 ACPI AML tables successfully acquired and loaded
[    0.004000] APIC: Switch to symmetric I/O mode setup
[    0.008000] ..TIMER: vector=0x30 apic1=0 pin1=2 apic2=-1 pin2=-1
[    0.008004] tsc: Detected 2400.006 MHz processor
[    0.012008] Calibrating delay loop (skipped) preset value.. 4800.01 BogoMIPS (lpj=9600024)
[    0.016002] pid_max: default: 32768 minimum: 301
[    0.020025] Security Framework initialized
[    0.024002] Yama: becoming mindful.
[    0.028020] AppArmor: AppArmor initialized
[    0.032048] Dentry cache hash table entries: 32768 (order: 6, 262144 bytes)
[    0.036019] Inode-cache hash table entries: 16384 (order: 5, 131072 bytes)
[    0.040022] Mount-cache hash table entries: 512 (order: 0, 4096 bytes)
[    0.044005] Mountpoint-cache hash table entries: 512 (order: 0, 4096 bytes)
[    0.050309] Last level iTLB entries: 4KB 64, 2MB 8, 4MB 8
[    0.052002] Last level dTLB entries: 4KB 64, 2MB 0, 4MB 0, 1GB 4
[    0.056003] Spectre V1 : Mitigation: usercopy/swapgs barriers and __user pointer sanitization
[    0.060002] Spectre V2 : Mitigation: Retpolines
[    0.064002] Spectre V2 : Spectre v2 / SpectreRSB mitigation: Filling RSB on context switch
[    0.072002] Spectre V2 : Spectre v2 / SpectreRSB : Filling RSB on VMEXIT
[    0.076002] RETBleed: WARNING: Spectre v2 mitigation leaves CPU vulnerable to RETBleed attacks, data leaks possible!
[    0.080002] RETBleed: Vulnerable
[    0.084002] Speculative Store Bypass: Vulnerable
[    0.088080] MDS: Mitigation: Clear CPU buffers
[    0.092002] MMIO Stale Data: Mitigation: Clear CPU buffers
[    0.096003] SRBDS: Unknown: Dependent on hypervisor status
[    0.108000] Freeing SMP alternatives memory: 36K
[    0.220454] smpboot: CPU0: Intel(R) Core(TM) i5-9300H CPU @ 2.40GHz (family: 0x6, model: 0x9e, stepping: 0xa)
[    0.224062] Performance Events: unsupported p6 CPU model 158 no PMU driver, software events only.
[    0.228047] Hierarchical SRCU implementation.
[    0.232427] NMI watchdog: Perf event create on CPU 0 failed with -2
[    0.236002] NMI watchdog: Perf NMI watchdog permanently disabled
[    0.240032] smp: Bringing up secondary CPUs ...
[    0.244002] smp: Brought up 1 node, 1 CPU
[    0.248002] smpboot: Max logical packages: 1
[    0.252077] smpboot: Total of 1 processors activated (4800.01 BogoMIPS)
[    0.256086] devtmpfs: initialized
[    0.260044] x86/mm: Memory block size: 128MB
[    0.264073] evm: security.selinux
[    0.267068] evm: security.SMACK64
[    0.268003] evm: security.SMACK64EXEC
[    0.272002] evm: security.SMACK64TRANSMUTE
[    0.276002] evm: security.SMACK64MMAP
[    0.280003] evm: security.apparmor
[    0.284002] evm: security.ima
[    0.288002] evm: security.capability
[    0.292102] clocksource: jiffies: mask: 0xffffffff max_cycles: 0xffffffff, max_idle_ns: 7645041785100000 ns
[    0.296010] futex hash table entries: 256 (order: 2, 16384 bytes)
[    0.300038] pinctrl core: initialized pinctrl subsystem
[    0.308242] RTC time:  1:16:58, date: 08/08/24
[    0.312112] NET: Registered protocol family 16
[    0.316054] audit: initializing netlink subsys (disabled)
[    0.320093] cpuidle: using governor ladder
[    0.324005] audit: type=2000 audit(1723079823.255:1): state=initialized audit_enabled=0 res=1
[    0.328006] cpuidle: using governor menu
[    0.332043] ACPI: bus type PCI registered
[    0.336004] acpiphp: ACPI Hot Plug PCI Controller Driver version: 0.5
[    0.340299] PCI: Using configuration type 1 for base access
[    0.344942] HugeTLB registered 2.00 MiB page size, pre-allocated 0 pages
[    0.348115] ACPI: Added _OSI(Module Device)
[    0.352003] ACPI: Added _OSI(Processor Device)
[    0.356002] ACPI: Added _OSI(3.0 _SCP Extensions)
[    0.360002] ACPI: Added _OSI(Processor Aggregator Device)
[    0.364006] ACPI: Added _OSI(Linux-Dell-Video)
[    0.368009] ACPI: Added _OSI(Linux-Lenovo-NV-HDMI-Audio)
[    0.372002] ACPI: Added _OSI(Linux-HPI-Hybrid-Graphics)
[    0.376831] ACPI: Executed 1 blocks of module-level executable AML code
[    0.383172] ACPI: Interpreter enabled
[    0.384011] ACPI: (supports S0 S5)
[    0.388002] ACPI: Using IOAPIC for interrupt routing
[    0.396225] PCI: Using host bridge windows from ACPI; if necessary, use "pci=nocrs" and report a bug
[    0.400243] ACPI: Enabled 2 GPEs in block 00 to 07
[    0.414479] ACPI: PCI Root Bridge [PCI0] (domain 0000 [bus 00-ff])
[    0.416006] acpi PNP0A03:00: _OSC: OS supports [ASPM ClockPM Segments MSI]
[    0.420769] acpi PNP0A03:00: _OSC: not requesting OS control; OS requires [ExtendedConfig ASPM ClockPM MSI]
[    0.428018] acpi PNP0A03:00: fail to add MMCONFIG information, can't access extended PCI configuration space under this bridge.
[    0.436068] PCI host bridge to bus 0000:00
[    0.440005] pci_bus 0000:00: root bus resource [io  0x0000-0x0cf7 window]
[    0.444003] pci_bus 0000:00: root bus resource [io  0x0d00-0xffff window]
[    0.448003] pci_bus 0000:00: root bus resource [mem 0x000a0000-0x000bffff window]
[    0.452004] pci_bus 0000:00: root bus resource [mem 0x10000000-0xfdffffff window]
[    0.456004] pci_bus 0000:00: root bus resource [bus 00-ff]
[    0.467675] pci 0000:00:01.1: legacy IDE quirk: reg 0x10: [io  0x01f0-0x01f7]
[    0.468003] pci 0000:00:01.1: legacy IDE quirk: reg 0x14: [io  0x03f6]
[    0.472007] pci 0000:00:01.1: legacy IDE quirk: reg 0x18: [io  0x0170-0x0177]
[    0.476007] pci 0000:00:01.1: legacy IDE quirk: reg 0x1c: [io  0x0376]
[    0.504788] pci 0000:00:07.0: quirk: [io  0x4000-0x403f] claimed by PIIX4 ACPI
[    0.508039] pci 0000:00:07.0: quirk: [io  0x4100-0x410f] claimed by PIIX4 SMB
[    0.524809] ACPI: PCI Interrupt Link [LNKA] (IRQs 5 9 10 *11)
[    0.528551] ACPI: PCI Interrupt Link [LNKB] (IRQs 5 9 *10 11)
[    0.532204] ACPI: PCI Interrupt Link [LNKC] (IRQs 5 *9 10 11)
[    0.536203] ACPI: PCI Interrupt Link [LNKD] (IRQs 5 9 10 *11)
[    0.540355] SCSI subsystem initialized
[    0.544092] pci 0000:00:02.0: vgaarb: setting as boot VGA device
[    0.548000] pci 0000:00:02.0: vgaarb: VGA device added: decodes=io+mem,owns=io+mem,locks=none
[    0.548004] pci 0000:00:02.0: vgaarb: bridge control possible
[    0.552002] vgaarb: loaded
[    0.556020] ACPI: bus type USB registered
[    0.560018] usbcore: registered new interface driver usbfs
[    0.564014] usbcore: registered new interface driver hub
[    0.568009] usbcore: registered new device driver usb
[    0.572050] EDAC MC: Ver: 3.0.0
[    0.576744] PCI: Using ACPI for IRQ routing
[    0.580778] NetLabel: Initializing
[    0.584003] NetLabel:  domain hash size = 128
[    0.588006] NetLabel:  protocols = UNLABELED CIPSOv4 CALIPSO
[    0.592028] NetLabel:  unlabeled traffic allowed by default
[    0.596145] clocksource: Switched to clocksource kvm-clock
[    0.626285] VFS: Disk quotas dquot_6.6.0
[    0.636123] VFS: Dquot-cache hash table entries: 512 (order 0, 4096 bytes)
[    0.642965] AppArmor: AppArmor Filesystem Enabled
[    0.648231] pnp: PnP ACPI init
[    0.652656] pnp: PnP ACPI: found 3 devices
[    0.663321] clocksource: acpi_pm: mask: 0xffffff max_cycles: 0xffffff, max_idle_ns: 2085701024 ns
[    0.671411] NET: Registered protocol family 2
[    0.676461] IP idents hash table entries: 4096 (order: 3, 32768 bytes)
[    0.683005] TCP established hash table entries: 2048 (order: 2, 16384 bytes)
[    0.689505] TCP bind hash table entries: 2048 (order: 3, 32768 bytes)
[    0.695873] TCP: Hash tables configured (established 2048 bind 2048)
[    0.701956] UDP hash table entries: 256 (order: 1, 8192 bytes)
[    0.707552] UDP-Lite hash table entries: 256 (order: 1, 8192 bytes)
[    0.713519] NET: Registered protocol family 1
[    0.717970] pci 0000:00:00.0: Limiting direct PCI/PCI transfers
[    0.723229] pci 0000:00:01.0: Activating ISA DMA hang workarounds
[    0.729190] pci 0000:00:02.0: Video device with shadowed ROM at [mem 0x000c0000-0x000dffff]
[    0.737426] Unpacking initramfs...
[    1.268749] Freeing initrd memory: 19528K
[    1.278964] clocksource: tsc: mask: 0xffffffffffffffff max_cycles: 0x22983d4fda2, max_idle_ns: 440795302975 ns
[    1.288788] platform rtc_cmos: registered platform RTC device (no PNP device found)
[    1.297048] Scanning for low memory corruption every 60 seconds
[    1.304942] Initialise system trusted keyrings
[    1.309923] Key type blacklist registered
[    1.313933] workingset: timestamp_bits=36 max_order=16 bucket_order=0
[    1.323782] zbud: loaded
[    1.328242] squashfs: version 4.0 (2009/01/31) Phillip Lougher
[    1.334500] fuse init (API version 7.26)
[    1.341824] Key type asymmetric registered
[    1.346484] Asymmetric key parser 'x509' registered
[    1.352279] Block layer SCSI generic (bsg) driver version 0.4 loaded (major 246)
[    1.360336] io scheduler noop registered
[    1.365130] io scheduler deadline registered
[    1.369523] io scheduler cfq registered (default)
[    1.375125] ACPI: AC Adapter [AC] (on-line)
[    1.379910] input: Power Button as /devices/LNXSYSTM:00/LNXPWRBN:00/input/input0
[    1.388120] ACPI: Power Button [PWRF]
[    1.392808] input: Sleep Button as /devices/LNXSYSTM:00/LNXSLPBN:00/input/input1
[    1.400348] ACPI: Sleep Button [SLPF]
[    1.406467] ACPI: Battery Slot [BAT0] (battery present)
[    1.412465] Serial: 8250/16550 driver, 32 ports, IRQ sharing enabled
[    1.450629] 00:02: ttyS0 at I/O 0x3f8 (irq = 4, base_baud = 115200) is a 16550A
[    1.463415] Linux agpgart interface v0.103
[    1.472102] loop: module loaded
[    1.479709] scsi host0: ata_piix
[    1.483735] scsi host1: ata_piix
[    1.487429] ata1: PATA max UDMA/33 cmd 0x1f0 ctl 0x3f6 bmdma 0xd000 irq 14
[    1.494585] ata2: PATA max UDMA/33 cmd 0x170 ctl 0x376 bmdma 0xd008 irq 15
[    1.503748] tun: Universal TUN/TAP device driver, 1.6
[    1.510185] PPP generic driver version 2.4.2
[    1.514876] ehci_hcd: USB 2.0 'Enhanced' Host Controller (EHCI) Driver
[    1.521552] ehci-pci: EHCI PCI platform driver
[    1.526573] ehci-platform: EHCI generic platform driver
[    1.532995] ohci_hcd: USB 1.1 'Open' Host Controller (OHCI) Driver
[    1.539320] ohci-pci: OHCI PCI platform driver
[    1.544491] ohci-platform: OHCI generic platform driver
[    1.549777] uhci_hcd: USB Universal Host Controller Interface driver
[    1.556432] i8042: PNP: PS/2 Controller [PNP0303:PS2K,PNP0f03:PS2M] at 0x60,0x64 irq 1,12
[    1.568794] serio: i8042 KBD port at 0x60,0x64 irq 1
[    1.574596] serio: i8042 AUX port at 0x60,0x64 irq 12
[    1.580244] mousedev: PS/2 mouse device common for all mice
[    1.588208] input: AT Translated Set 2 keyboard as /devices/platform/i8042/serio0/input/input2
[    1.598816] rtc_cmos rtc_cmos: rtc core: registered rtc_cmos as rtc0
[    1.606935] rtc_cmos rtc_cmos: alarms up to one day, 114 bytes nvram
[    1.613803] i2c /dev entries driver
[    1.618154] device-mapper: uevent: version 1.0.3
[    1.622889] device-mapper: ioctl: 4.37.0-ioctl (2017-09-20) initialised: dm-devel@redhat.com
[    1.631513] ledtrig-cpu: registered to indicate activity on CPUs
[    1.638742] NET: Registered protocol family 10
[    1.651634] Segment Routing with IPv6
[    1.656311] NET: Registered protocol family 17
[    1.732477] Key type dns_resolver registered
[    1.738109] mce: Using 0 MCE banks
[    1.742538] RAS: Correctable Errors collector initialized.
[    1.749160] sched_clock: Marking stable (1749058091, 0)->(2524048913, -774990822)
[    1.758342] registered taskstats version 1
[    1.763142] Loading compiled-in X.509 certificates
[    1.773861] Loaded X.509 cert 'Build time autogenerated kernel key: b5b26778eaa3ab3a4a6cee031137706e947d12ad'
[    1.788040] Loaded X.509 cert 'Canonical Ltd. Live Patch Signing: 14df34d1a87cf37625abec039ef2bf521249b969'
[    1.803826] Loaded X.509 cert 'Canonical Ltd. Kernel Module Signing: 88f752e560a1e0737e31163a466ad7b70a850c19'
[    1.818446] blacklist: Loading compiled-in revocation X.509 certificates
[    1.826524] Loaded X.509 cert 'Canonical Ltd. Secure Boot Signing: 61482aa2830d0ab2ad5af10b7250da9033ddcef0'
[    1.839531] Loaded X.509 cert 'Canonical Ltd. Secure Boot Signing (2017): 242ade75ac4a15e50d50c84b0d45ff3eae707a03'
[    1.853557] Loaded X.509 cert 'Canonical Ltd. Secure Boot Signing (ESM 2018): 365188c1d374d6b07c3c8f240f8ef722433d6a8b'
[    1.864414] Loaded X.509 cert 'Canonical Ltd. Secure Boot Signing (2019): c0746fd6c5da3ae827864651ad66ae47fe24b3e8'
[    1.874893] Loaded X.509 cert 'Canonical Ltd. Secure Boot Signing (2021 v1): a8d54bbb3825cfb94fa13c9f8a594a195c107b8d'
[    1.885723] Loaded X.509 cert 'Canonical Ltd. Secure Boot Signing (2021 v2): 4cf046892d6fd3c9a5b03f98d845f90851dc6a8c'
[    1.897013] Loaded X.509 cert 'Canonical Ltd. Secure Boot Signing (2021 v3): 100437bb6de6e469b581e61cd66bce3ef4ed53af'
[    1.907854] Loaded X.509 cert 'Canonical Ltd. Secure Boot Signing (Ubuntu Core 2019): c1d57b8f6b743f23ee41f4f7ee292f06eecadfb9'
[    1.919907] zswap: loaded using pool lzo/zbud
[    1.930043] Key type big_key registered
[    1.934534] Key type trusted registered
[    1.941910] Key type encrypted registered
[    1.946531] AppArmor: AppArmor sha1 policy hashing enabled
[    1.952243] ima: No TPM chip found, activating TPM-bypass! (rc=-19)
[    1.958877] ima: Allocated hash algorithm: sha1
[    1.963880] evm: HMAC attrs: 0x1
[    1.968398]   Magic number: 4:435:255
[    1.973353] rtc_cmos rtc_cmos: setting system clock to 2024-08-08 01:16:59 UTC (1723079819)
[    1.982414] BIOS EDD facility v0.16 2004-Jun-25, 0 devices found
[    1.987939] EDD information not available.
[    1.995222] Freeing unused kernel image memory: 2480K
[    2.008477] Write protecting the kernel read-only data: 20480k
[    2.024313] Freeing unused kernel image memory: 2008K
[    2.037729] Freeing unused kernel image memory: 1820K
[    2.059394] x86/mm: Checked W+X mappings: passed, no W+X pages found.
[    2.066674] x86/mm: Checking user space page tables
[    2.076334] x86/mm: Checked W+X mappings: passed, no W+X pages found.
Loading, please wait...
starting version 237
[    2.197644] e1000: Intel(R) PRO/1000 Network Driver - version 7.3.21-k8-NAPI
[    2.204138] e1000: Copyright (c) 1999-2006 Intel Corporation.
[    2.214061] Fusion MPT base driver 3.04.20
[    2.218042] Copyright (c) 1999-2008 LSI Corporation
[    2.243836] SSE version of gcm_enc/dec engaged.
[    2.281919] Fusion MPT SPI Host driver 3.04.20
[    2.482906] input: ImExPS/2 Generic Explorer Mouse as /devices/platform/i8042/serio1/input/input4
[    3.002070] e1000 0000:00:03.0 eth0: (PCI:33MHz:32-bit) 02:3b:7b:b7:3b:2d
[    3.008508] e1000 0000:00:03.0 eth0: Intel(R) PRO/1000 Network Connection
[    3.016030] mptbase: ioc0: Initiating bringup
[    3.138182] ioc0: LSI53C1030 A0: Capabilities={Initiator}
[    3.414544] scsi host2: ioc0: LSI53C1030 A0, FwRev=00000000h, Ports=1, MaxQ=256, IRQ=20
[    3.591682] scsi 2:0:0:0: Direct-Access     VBOX     HARDDISK         1.0  PQ: 0 ANSI: 5
[    3.606579] scsi target2:0:0: Beginning Domain Validation
[    3.618302] scsi target2:0:0: Domain Validation skipping write tests
[    3.624375] scsi target2:0:0: Ending Domain Validation
[    3.629825] scsi target2:0:0: asynchronous
[    3.635307] scsi 2:0:1:0: Direct-Access     VBOX     HARDDISK         1.0  PQ: 0 ANSI: 5
[    3.642818] scsi target2:0:1: Beginning Domain Validation
[    3.739891] scsi target2:0:1: Domain Validation skipping write tests
[    3.745998] scsi target2:0:1: Ending Domain Validation
[    3.767640] scsi target2:0:1: asynchronous
[    3.878368] sd 2:0:0:0: Attached scsi generic sg0 type 0
[    3.884425] sd 2:0:0:0: [sda] 83886080 512-byte logical blocks: (42.9 GB/40.0 GiB)
[    3.892630] sd 2:0:1:0: Attached scsi generic sg1 type 0
[    3.898114] sd 2:0:1:0: [sdb] 20480 512-byte logical blocks: (10.5 MB/10.0 MiB)
[    3.913609] sd 2:0:0:0: [sda] Write Protect is off
[    3.918432] sd 2:0:1:0: [sdb] Write Protect is off
[    3.931619] sd 2:0:0:0: [sda] Incomplete mode parameter data
[    3.937287] sd 2:0:0:0: [sda] Assuming drive cache: write through
[    3.943265] sd 2:0:1:0: [sdb] Incomplete mode parameter data
[    3.948554] sd 2:0:1:0: [sdb] Assuming drive cache: write through
[    3.983465]  sda: sda1
[    3.990729] sd 2:0:0:0: [sda] Attached SCSI disk
[    3.994897] sd 2:0:1:0: [sdb] Attached SCSI disk
[    4.412494] e1000 0000:00:08.0 eth1: (PCI:33MHz:32-bit) 08:00:27:c3:61:8c
[    4.418855] e1000 0000:00:08.0 eth1: Intel(R) PRO/1000 Network Connection
[    4.426779] e1000 0000:00:08.0 enp0s8: renamed from eth1
[    4.445526] e1000 0000:00:03.0 enp0s3: renamed from eth0
Begin: Loading essential drivers ... [    6.512137] raid6: sse2x1   gen() 12534 MB/s
[    6.564082] raid6: sse2x1   xor()  8928 MB/s
[    6.616047] raid6: sse2x2   gen() 15564 MB/s
[    6.668060] raid6: sse2x2   xor() 10342 MB/s
[    6.720108] raid6: sse2x4   gen() 17407 MB/s
[    6.780107] raid6: sse2x4   xor() 13808 MB/s
[    6.784578] raid6: using algorithm sse2x4 gen() 17407 MB/s
[    6.789502] raid6: .... xor() 13808 MB/s, rmw enabled
[    6.794759] raid6: using ssse3x2 recovery algorithm
[    6.801038] xor: measuring software checksum speed
[    6.904072]    prefetch64-sse: 49878.000 MB/sec
[    7.008075]    generic_sse: 47035.000 MB/sec
[    7.012699] xor: using function: prefetch64-sse (49878.000 MB/sec)
[    7.019810] async_tx: api initialized (async)
done.
Begin: Running /scripts/init-premount ... done.
Begin: Mounting root file system ... Begin: Running /scripts/local-top ... done.
Begin: Running /scripts/local-premount ... [    7.092422] Btrfs loaded, crc32c=crc32c-intel
Scanning for Btrfs filesystems
done.
Warning: fsck not present, so skipping root file system
[    7.152014] EXT4-fs (sda1): mounted filesystem with ordered data mode. Opts: (null)
done.
Begin: Running /scripts/local-bottom ... done.
Begin: Running /scripts/init-bottom ... done.
[    7.404103] ip_tables: (C) 2000-2006 Netfilter Core Team
[    7.426354] systemd[1]: systemd 237 running in system mode. (+PAM +AUDIT +SELINUX +IMA +APPARMOR +SMACK +SYSVINIT +UTMP +LIBCRYPTSETUP +GCRYPT +GNUTLS +ACL +XZ +LZ4 +SECCOMP +BLKID +ELFUTILS +KMOD -IDN2 +IDN -PCRE2 default-hierarchy=hybrid)
[    7.444920] systemd[1]: Detected virtualization oracle.
[    7.450084] systemd[1]: Detected architecture x86-64.

Welcome to [1mUbuntu 18.04.6 LTS[0m!

[    7.459838] systemd[1]: Set hostname to <ubuntu>.
[    7.470568] systemd[1]: Initializing machine ID from random generator.
[    7.476809] systemd[1]: Installed transient /etc/machine-id file.
[    7.868953] systemd[1]: Reached target Swap.
[[0;32m  OK  [0m] Reached target Swap.
[    7.877640] systemd[1]: Created slice User and Session Slice.
[[0;32m  OK  [0m] Created slice User and Session Slice.
[    7.886896] systemd[1]: Created slice System Slice.
[[0;32m  OK  [0m] Created slice System Slice.
[    7.895404] systemd[1]: Listening on /dev/initctl Compatibility Named Pipe.
[[0;32m  OK  [0m] Listening on /dev/initctl Compatibility Named Pipe.
[[0;32m  OK  [0m] Created slice system-serial\x2dgetty.slice.
[[0;32m  OK  [0m] Listening on LVM2 metadata daemon socket.
[[0;32m  OK  [0m] Listening on Device-mapper event daemon FIFOs.
[[0;32m  OK  [0m] Listening on Network Service Netlink Socket.
[[0;32m  OK  [0m] Reached target Mounting snaps.
[[0;32m  OK  [0m] Reached target Mounted snaps.
[[0;32m  OK  [0m] Reached target Slices.
[[0;32m  OK  [0m] Listening on Journal Socket.
         Starting Uncomplicated firewall...
         Mounting POSIX Message Queue File System...
         Mounting Huge Pages File System...
         Starting Load Kernel Modules...
         Starting Set the console keyboard layout...
[[0;32m  OK  [0m] Reached target User and Group Name Lookups.
[[0;32m  OK  [0m] [    7.977379] Loading iSCSI transport class v2.0-870.
Listening on udev Control Socket.
         Starting Create list of required st…ce nodes for the current kernel...
         Starting Monitoring of LVM2 mirrors…ng dmeventd or progress polling...
[[0;32m  OK  [0m] Listening on Journal Audit Socket.[    8.008670] iscsi: registered transport (tcp)

[[0;32m  OK  [0m] Listening on Syslog Socket.
[[0;32m  OK  [0m] Listening on Journal Socket (/dev/log).
         Starting Journal Service...
[[0;32m  OK  [0m] Listening on udev Kernel Socket.
         Starting udev Coldplug all Devices...
[[0;32m  OK  [0m] Listening on LVM2 poll daemon socket.
[[0;32m  OK  [0m] Listening on fsck to fsckd communication Socket.
         Starting File System Check on Root Device...
         Mounting Kernel Debug File System...
[[0;32m  OK  [0m] Reached target System Time Synchronized.
[[0;32m  OK  [0m] Set up automount Arbitrary Executab…rmats File System Automount Point.
[[0;32m  OK  [0m] Started Forward Password Requests to Wall Directory Watch.
[[0;32m  OK  [0m] Started Journal Service.
[[0;32m  OK  [0m] Started Uncomplicated firewall.
[    8.160852] iscsi: registered transport (iser)
[[0;32m  OK  [0m] Mounted POSIX Message Queue File System.
[[0;32m  OK  [0m] Mounted Huge Pages File System.
[[0;32m  OK  [0m] Started Load Kernel Modules.
[[0;32m  OK  [0m] Started Create list of required sta…vice nodes for the current kernel.
[[0;32m  OK  [0m] Mounted Kernel Debug File System.
[[0;32m  OK  [0m] Started LVM2 metadata daemon.
[[0;32m  OK  [0m] Started File System Check Daemon to report status.
         Starting Create Static Device Nodes in /dev...
         Mounting Kernel Configuration File System...
         Mounting FUSE Control File System...
         Starting Apply Kernel Variables...
[[0;32m  OK  [0m] Started File System Check on Root Device.
[[0;32m  OK  [0m] Mounted Kernel Configuration File System.
[[0;32m  OK  [0m] Mounted FUSE Control File System.
         Starting Remount Root and Kernel File Systems...
[[0;32m  OK  [0m] Started Monitoring of LVM2 mirrors,…sing dmeventd or progress polling.
[[0;32m  OK  [0m] Started udev Coldplug all Devices.
[[0;32m  OK  [0m] Started Apply Kernel Variables.
[[0;32m  OK  [0m] Started Create Static Device Nodes in /dev.
[[0;32m  OK  [0m] Started Remount Root and Kernel File Systems.
         Starting Flush Journal to Persistent Storage...
         Starting Load/Save Random Seed...
         Starting udev Kernel Device Manager...
[[0;32m  OK  [0m] Started Load/Save Random Seed.
[[0;32m  OK  [0m] Started udev Kernel Device Manager.
[[0;32m  OK  [0m] Started Flush Journal to Persistent Storage.
[[0;32m  OK  [0m] Found device /dev/ttyS0.
[[0;32m  OK  [0m] Listening on Load/Save RF Kill Switch Status /dev/rfkill Watch.
[[0;32m  OK  [0m] Started Set the console keyboard layout.
         Mounting Arbitrary Executable File Formats File System...
[[0;32m  OK  [0m] Started Dispatch Password Requests to Console Directory Watch.
[[0;32m  OK  [0m] Reached target Local Encrypted Volumes.
[[0;32m  OK  [0m] Reached target Local File Systems (Pre).
[[0;32m  OK  [0m] Reached target Local File Systems.
         Starting Tell Plymouth To Write Out Runtime Data...
         Starting Create Volatile Files and Directories...
         Starting Commit a transient machine-id on disk...
         Starting ebtables ruleset management...
         Starting AppArmor initialization...
         Starting Set console font and keymap...
[[0;32m  OK  [0m] Mounted Arbitrary Executable File Formats File System.
[[0;32m  OK  [0m] Started Tell Plymouth To Write Out Runtime Data.
[[0;32m  OK  [0m] Started Create Volatile Files and Directories.
         Starting Update UTMP about System Boot/Shutdown...
[[0;32m  OK  [0m] Started Commit a transient machine-id on disk.
[[0;32m  OK  [0m] Started Update UTMP about System Boot/Shutdown.
[[0;32m  OK  [0m] Started ebtables ruleset management.
[[0;32m  OK  [0m] Started AppArmor initialization.
         Starting Load AppArmor profiles managed internally by snapd...
         Starting Initial cloud-init job (pre-networking)...
[[0;32m  OK  [0m] Started Load AppArmor profiles managed internally by snapd.
[[0;32m  OK  [0m] Started Set console font and keymap.
[   13.473440] cloud-init[762]: Cloud-init v. 23.1.2-0ubuntu0~18.04.1 running 'init-local' at Thu, 08 Aug 2024 01:17:10 +0000. Up 12.97 seconds.
[[0;32m  OK  [0m] Started Initial cloud-init job (pre-networking).
[[0;32m  OK  [0m] Reached target Network (Pre).
         Starting Network Service...
[[0;32m  OK  [0m] Started Network Service.
         Starting Network Name Resolution...
         Starting Wait for Network to be Configured...
[[0;32m  OK  [0m] Started Network Name Resolution.
[[0;32m  OK  [0m] Reached target Host and Network Name Lookups.
[[0;32m  OK  [0m] Reached target Network.
[[0;32m  OK  [0m] Started Wait for Network to be Configured.
         Starting Initial cloud-init job (metadata service crawler)...
[   15.793315] cloud-init[872]: Cloud-init v. 23.1.2-0ubuntu0~18.04.1 running 'init' at Thu, 08 Aug 2024 01:17:13 +0000. Up 15.67 seconds.
[   15.805932] cloud-init[872]: ci-info: ++++++++++++++++++++++++++++++++++++++Net device info+++++++++++++++++++++++++++++++++++++++
[   15.817918] cloud-init[872]: ci-info: +--------+-------+----------------------------+---------------+--------+-------------------+
[   15.831214] cloud-init[872]: ci-info: | Device |   Up  |          Address           |      Mask     | Scope  |     Hw-Address    |
[   15.846445] cloud-init[872]: ci-info: +--------+-------+----------------------------+---------------+--------+-------------------+
[   15.863194] cloud-init[872]: ci-info: | enp0s3 |  True |         10.0.2.15          | 255.255.255.0 | global | 02:3b:7b:b7:3b:2d |
[   15.874727] cloud-init[872]: ci-info: | enp0s3 |  True | fe80::3b:7bff:feb7:3b2d/64 |       .       |  link  | 02:3b:7b:b7:3b:2d |
[   15.885328] cloud-init[872]: ci-info: | enp0s8 | False |             .              |       .       |   .    | 08:00:27:c3:61:8c |
[   15.893817] cloud-init[872]: ci-info: |   lo   |  True |         127.0.0.1          |   255.0.0.0   |  host  |         .         |
[   15.907675] cloud-init[872]: ci-info: |   lo   |  True |          ::1/128           |       .       |  host  |         .         |
[   15.918809] cloud-init[872]: ci-info: +--------+-------+----------------------------+---------------+--------+-------------------+
[   15.928827] cloud-init[872]: ci-info: ++++++++++++++++++++++++++++Route IPv4 info+++++++++++++++++++++++++++++
[   15.936000] cloud-init[872]: ci-info: +-------+-------------+----------+-----------------+-----------+-------+
[   15.943040] cloud-init[872]: ci-info: | Route | Destination | Gateway  |     Genmask     | Interface | Flags |
[   15.952328] cloud-init[872]: ci-info: +-------+-------------+----------+-----------------+-----------+-------+
[   15.963708] cloud-init[872]: ci-info: |   0   |   0.0.0.0   | 10.0.2.2 |     0.0.0.0     |   enp0s3  |   UG  |
[   15.973494] cloud-init[872]: ci-info: |   1   |   10.0.2.0  | 0.0.0.0  |  255.255.255.0  |   enp0s3  |   U   |
[   15.984932] cloud-init[872]: ci-info: |   2   |   10.0.2.2  | 0.0.0.0  | 255.255.255.255 |   enp0s3  |   UH  |
[   15.995171] cloud-init[872]: ci-info: +-------+-------------+----------+-----------------+-----------+-------+
[   16.006707] cloud-init[872]: ci-info: +++++++++++++++++++Route IPv6 info+++++++++++++++++++
[   16.016641] cloud-init[872]: ci-info: +-------+-------------+---------+-----------+-------+
[   16.025108] cloud-init[872]: ci-info: | Route | Destination | Gateway | Interface | Flags |
[   16.040083] cloud-init[872]: ci-info: +-------+-------------+---------+-----------+-------+
[   16.051561] cloud-init[872]: ci-info: |   1   |  fe80::/64  |    ::   |   enp0s3  |   U   |
[   16.071018] cloud-init[872]: ci-info: |   3   |    local    |    ::   |   enp0s3  |   U   |
[   16.092508] cloud-init[872]: ci-info: |   4   |   ff00::/8  |    ::   |   enp0s3  |   U   |
[   16.109250] cloud-init[872]: ci-info: +-------+-------------+---------+-----------+-------+
[   16.811519] cloud-init[872]: Generating public/private rsa key pair.
[   16.821521] cloud-init[872]: Your identification has been saved in /etc/ssh/ssh_host_rsa_key.
[   16.832649] cloud-init[872]: Your public key has been saved in /etc/ssh/ssh_host_rsa_key.pub.
[   16.842330] cloud-init[872]: The key fingerprint is:
[   16.854674] cloud-init[872]: SHA256:pKMDfuN1xHexN4hTpav9P6cWXE0/6Ghb6kqB0zKoVSE root@ubuntu-bionic
[   16.873792] cloud-init[872]: The key's randomart image is:
[   16.878825] cloud-init[872]: +---[RSA 2048]----+
[   16.883092] cloud-init[872]: |     E .      .  |
[   16.889995] cloud-init[872]: [[0;32m  OK  [0m] Started Initial cloud-init job (metadata service crawler).|      . .    o  .|
[   16.898726] cloud-init
[[0;32m  OK  [0m] Reached target Cloud-config availability.[872]: |       ..   + ..o|
[   16.906883] cloud-init[872]: 
[[0;32m  OK  [0m] Reached target System Initialization.
[[0;32m  OK  [0m] Started Message of the Day.|      o+o  o * .+|
[   16.923464] 
[[0;32m  OK  [0m] Started ACPI Events Check.
[cloud-init[872]: |  .  oo=So+ B.o..|
[   16.935396] [0;32m  OK  [0m] Started Discard unused blocks once a week.
[[0;32m  OK  [0m] Listening on Open-iSCSI iscsid Socket.cloud-init[872]: | . .o. o+..B +o. |

[[0;32m  OK  [0m] Listening on UUID daemon activation socket.[   16.953012] cloud-init[872]: |  ..= . ..o =  . |
[[0;32m  OK  [0m] Reached target Paths.

[   16.960985] cloud-init[872]: |   o + ..  o ....|
[[0;32m  OK  [0m] Listening on D-Bus System Message Bus Socket.
[   16.968377] cloud-init[872]: |    .    .o. .oo+|
[[0;32m  OK  [0m] Listening on cloud-init hotplug hook socket.
[   16.976818] cloud-init[872]: +----[SHA256]-----+
         Starting Socket activation for snappy daemon.
[[   16.984334] cloud-init[872]: Generating public/private dsa key pair.
[0;32m  OK  [0m] Started Ubuntu Advantage Timer for running repeated jobs.[   16.994949] cloud-init
[[0;32m  OK  [0m] Started Daily Cleanup of Temporary Directories.[872]: Your identification has been saved in /etc/ssh/ssh_host_dsa_key.
[   17.003756] 
cloud-init         Starting LXD - unix socket.[872]: Your public key has been saved in /etc/ssh/ssh_host_dsa_key.pub.

[[0;32m  OK  [0m] Listening on ACPID Listen Socket.
[[0;32m  OK  [0m] Started Daily apt download activities.
[   17.026562] cloud-init[[0;32m  OK  [0m] Started Daily apt upgrade and clean activities.
[872]: The key fingerprint is:
[   17.037540] cloud-init[872]: SHA256:XNKJsvgNsWD6fMqYa6oLw+063CI0Nc/LmOh9HfOCcuI root@ubuntu-bionic[[0;32m  OK  [0m] Reached target Timers.
[[0;32m  OK  [0m] Reached target Network is Online.
[   17.050396] cloud-init[872]: 
The key's randomart image is:[[0;32m  OK  [0m] Reached target Remote File Systems (Pre).
[[0;32m  OK  [0m
[   17.061276] cloud-init[872]: +---[DSA 1024]----+] Reached target Remote File Systems.

[   17.068231] cloud-init[872]: |                 |
         Starting Availability of block devices...
[   17.075092] cloud-init[[0;32m  OK  [0m] Listening on Socket activation for snappy daemon.
[[0;32m  OK  [0m] Listening on LXD - unix socket.[872]: |         o .     |

[[0;32m  OK  [0m[   17.097379] cloud-init[872]: |    o o o +      |] Started Availability of block devices.
[[0;32m  OK  [0m] Reached target Sockets.
[[0;32m  OK  [0m] 
[   17.112105] Reached target Basic System.
cloud-init         Starting LSB: automatic crash report generation...
[[872]: |   = o * o       |
[   17.123137] cloud-init[0;32m  OK  [0m] Reached target Login Prompts (Pre).
[872]: |  o = + S        |
         Starting Dispatcher daemon for systemd-networkd...
[[0;32m  OK  [0m] Started FUSE filesystem for LXC.
[[   17.174339] [0;32m  OK  [0m] Started Regular background program processing daemon.
cloud-init[872]: |.o.o + =         |
         Starting Virtualbox guest utils...
[   17.202444] cloud-init         Starting Pollinate to seed the pseudo random number generator...
[[0;32m  OK  [0m] Started D-Bus System Message Bus.
[872]: |=.+.* * =        |
[   17.237399] cloud-init[872]: |o*+X O o .       |
[   17.248690] cloud-init[872]: |B*OEB   .        |
[   17.259783] cloud-init[872]: +----[SHA256]-----+
[   17.277792] cloud-init[872]: Generating public/private ecdsa key pair.
         Starting LXD - container startup/shutdown...
         Starting LSB: Record successful boot for GRUB...
[[0;32m  OK  [0m] Started irqbalance daemon.
[   17.323241]          Starting Login Service...
[[0;32m  OK  [0m] Started Deferred execution scheduler.cloud-init[872]: Your identification has been saved in /etc/ssh/ssh_host_ecdsa_key.
         Starting Accounts Service...
         Starting Permit User Sessions...
         Starting System Logging Service...

[   17.380470] cloud-init[872]: Your public key has been saved in /etc/ssh/ssh_host_ecdsa_key.pub.
[   17.410197] cloud-init[872]: The key fingerprint is:
[   17.424027] cloud-init[872]: SHA256:t6FDw1HXIFxvnQwFE7ZKVyXamJTrL37Je89dFQkvTcA root@ubuntu-bionic
[   17.446444] cloud-init[872]: The key's randomart image is:
[   17.463491] cloud-init[872]: +---[ECDSA 256]---+         Starting Snap Daemon...

[   17.483777] [[0;32m  OK  [0m] Started Login Service.
[[0;32m  OK  [0m] Started Unattended Upgrades Shutdown.
[[0;32m  OK  [0m] Started Permit User Sessions.cloud-init
         Starting Terminate Plymouth Boot Screen...[872]: 
|         .o.*%*+o|         Starting Hold until boot process finishes up...

[   17.573901] cloud-init[872]: |         ..+oE%oo|
[   17.601832] cloud-init[872]: |        .  .+=+B.|
[   17.623144] cloud-init[872]: |       . .. +.. .|
[   17.640312] cloud-init[872]: |        S oo    .|
[   17.651617] cloud-init[872]: |       . + o.   .|
[   17.676747] cloud-init[872]: |        o .  o ..|
[[0;32m  OK  [0m] Started Terminate Plymouth Boot Screen.
[[0;32m  OK  [0m] Started Hold until boot process finishes up.
[[0;32m  OK  [0m] [   17.699015] Started System Logging Service.
         Starting Set console scheme...
[[0;32m  OK  [0m] Started Serial Getty on ttyS0.cloud-init[872]: 
         Starting Authorization Manager...
|         .  . =.+|
[   17.785050] [[0;32m  OK  [0m] Started LSB: automatic crash report generation.cloud-init
[872]: |           ..o.o=|
[   17.827208] cloud-init[872]: +----[SHA256]-----+
[[0;32m  OK  [0m] Started Set console scheme.
[[0;32m  OK  [0m] Created slice system-getty.slice.
[   17.866831] cloud-init[[0;32m  OK  [0m] Started Getty on tty1.
[[0;32m  OK  [0m] Reached target Login Prompts.
[872]: Generating public/private ed25519 key pair.
[   17.909747] cloud-init[872]: Your identification has been saved in /etc/ssh/ssh_host_ed25519_key.
[   17.965431] cloud-init[872]: Your public key has been saved in /etc/ssh/ssh_host_ed25519_key.pub.
[   17.978696] cloud-init[872]: The key fingerprint is:
[   17.998229] cloud-init[872]: SHA256:EAUl9chE2/OdELuNqBTwUMZTgazrpTNRzARt9p+H+HA root@ubuntu-bionic
[   18.014940] cloud-init[872]: The key's randomart image is:
[   18.033335] cloud-init[872]: +--[ED25519 256]--+
[   18.046089] cloud-init[872]: |      B%Ooo..    |
[   18.075973] cloud-init[872]: |       XX=   o   |
[[0;32m  OK  [0m] Started LSB: Record successful boot for GRUB.
[   18.116983] cloud-init[872]: |      .B*o+ o    |
[   18.147815] cloud-init[872]: |      ..+..+ * . |
[[0;32m  OK  [0m] Started Authorization Manager.
[[0;32m  OK  [0m] Started Accounts Service.
[   18.198713] cloud-init[872]: |       oS .o+o+  |
[   18.220674] cloud-init[872]: |      o...o E .  |
[   18.235587] cloud-init[872]: |     . +.  + .   |
[   18.250911] [[0;32m  OK  [0m] Started LXD - container startup/shutdown.
cloud-init[872]: [[0;32m  OK  [0m] Started Dispatcher daemon for systemd-networkd.
|      =     .    |
[   18.281317] cloud-init[872]: |       o         |
[   18.296002] cloud-init[872]: +----[SHA256]-----+
[[0;32m  OK  [0m] Started Virtualbox guest utils.
[[0;32m  OK  [0m] Started Snap Daemon.
         Starting Wait until snapd is fully seeded...
[[0;32m  OK  [0m] Started Pollinate to seed the pseudo random number generator.
         Starting OpenBSD Secure Shell server...
[[0;32m  OK  [0m] Started OpenBSD Secure Shell server.
[[0;32m  OK  [0m] Created slice User Slice of vagrant.
[[0;32m  OK  [0m] Started Session 1 of user vagrant.
         Starting User Manager for UID 1000...
         Starting Time & Date Service...
[[0;32m  OK  [0m] Started Time & Date Service.
[[0;32m  OK  [0m] Started User Manager for UID 1000.
[[0;32m  OK  [0m] Started Wait until snapd is fully seeded.

Ubuntu 18.04.6 LTS ubuntu-bionic ttyS0

ubuntu-bionic login: [   25.991597] cloud-init[1384]: Cloud-init v. 23.1.2-0ubuntu0~18.04.1 running 'modules:config' at Thu, 08 Aug 2024 01:17:22 +0000. Up 25.32 seconds.
ci-info: no authorized SSH keys fingerprints found for user ubuntu.
<14>Aug  8 01:17:24 cloud-init: #############################################################
<14>Aug  8 01:17:24 cloud-init: -----BEGIN SSH HOST KEY FINGERPRINTS-----
<14>Aug  8 01:17:24 cloud-init: 1024 SHA256:XNKJsvgNsWD6fMqYa6oLw+063CI0Nc/LmOh9HfOCcuI root@ubuntu-bionic (DSA)
<14>Aug  8 01:17:24 cloud-init: 256 SHA256:t6FDw1HXIFxvnQwFE7ZKVyXamJTrL37Je89dFQkvTcA root@ubuntu-bionic (ECDSA)
<14>Aug  8 01:17:24 cloud-init: 256 SHA256:EAUl9chE2/OdELuNqBTwUMZTgazrpTNRzARt9p+H+HA root@ubuntu-bionic (ED25519)
<14>Aug  8 01:17:24 cloud-init: 2048 SHA256:pKMDfuN1xHexN4hTpav9P6cWXE0/6Ghb6kqB0zKoVSE root@ubuntu-bionic (RSA)
<14>Aug  8 01:17:24 cloud-init: -----END SSH HOST KEY FINGERPRINTS-----
<14>Aug  8 01:17:24 cloud-init: #############################################################
-----BEGIN SSH HOST KEY KEYS-----
ecdsa-sha2-nistp256 AAAAE2VjZHNhLXNoYTItbmlzdHAyNTYAAAAIbmlzdHAyNTYAAABBBPavPW4t+TxnypmZzLXR+rbLwn4399wnLRM2Lodwl7Ww0BBo161KRLEy6043wgbPRZb2pr4MeMh4hUWOQjz2meg= root@ubuntu-bionic
ssh-ed25519 AAAAC3NzaC1lZDI1NTE5AAAAIBQAvB3hWD7pN6h2X2UV0wehjHRqVX3RTgCpzV5VhpRd root@ubuntu-bionic
ssh-rsa AAAAB3NzaC1yc2EAAAADAQABAAABAQCtdptMPPrNmjEmDC8ImZohuFNdjkJZpJ63E5mll4be+tvZu+glsKHDmdrZXRjJYhrWtxpUxqU69aLTXYXs2uURnZT2zPKOCJoZMNNpqh465MEL7Z0xy6Bz+EaX2+s3vHEzxDdDgVf3FI5/SocnVQGMSVGexDwsMgi1FTqfYb/uRkj54dg49ng4WQpvCNXCfnSMPtgrbHXfTqNimBLs4hIOzrCK2Guv0ty4ntzF6gwJhZVVLgwin6n2MH1vDmNK9jqzUFN9yPCTN/gHZ7auvFhvD/iNdIQjMY5ND8ni8TA+8osadEQcibfV5+oPOtXHHHTwSYDS/Y8M96f9C8vHHMsd root@ubuntu-bionic
-----END SSH HOST KEY KEYS-----
[   27.150819] cloud-init[1577]: Cloud-init v. 23.1.2-0ubuntu0~18.04.1 running 'modules:final' at Thu, 08 Aug 2024 01:17:24 +0000. Up 26.74 seconds.
[   27.174415] cloud-init[1577]: Cloud-init v. 23.1.2-0ubuntu0~18.04.1 finished at Thu, 08 Aug 2024 01:17:24 +0000. Datasource DataSourceNoCloud [seed=/dev/sdb][dsmode=net].  Up 27.14 seconds
[[0;32m  OK  [0m] Stopped Unattended Upgrades Shutdown.
         Stopping Session 6 of user vagrant.
[[0;32m  OK  [0m] Stopped target Timers.
[[0;32m  OK  [0m] Stopped Message of the Day.
[[0;32m  OK  [0m] Stopped Daily apt upgrade and clean activities.
[[0;32m  OK  [0m] Stopped target Graphical Interface.
         Stopping Accounts Service...
[[0;32m  OK  [0m] Stopped target Host and Network Name Lookups.
         Stopping User Manager for UID 1000...
[[0;32m  OK  [0m] Stopped Daily Cleanup of Temporary Directories.
         Stopping Authorization Manager...
[[0;32m  OK  [0m] Closed Load/Save RF Kill Switch Status /dev/rfkill Watch.
[[0;32m  OK  [0m] Stopped Daily apt download activities.
[[0;32m  OK  [0m] Stopped Discard unused blocks once a week.
[[0;32m  OK  [0m] Stopped target System Time Synchronized.
         Stopping Availability of block devices...
[[0;32m  OK  [0m] Stopped Ubuntu Advantage Timer for running repeated jobs.
[[0;32m  OK  [0m] Stopped target Cloud-init target.
[[0;32m  OK  [0m] Stopped Execute cloud user/final scripts.
[[0;32m  OK  [0m] Stopped Apply the settings specified in cloud-config.
[[0;32m  OK  [0m] Stopped target Cloud-config availability.
[[0;32m  OK  [0m] Stopped target Multi-User System.
         Stopping Dispatcher daemon for systemd-networkd...
         Stopping D-Bus System Message Bus...
         Stopping LXD - container startup/shutdown...
[[0;32m  OK  [0m] Stopped Wait until snapd is fully seeded.
         Stopping FUSE filesystem for LXC...
         Stopping Regular background program processing daemon...
         Stopping System Logging Service...
         Stopping LSB: Record successful boot for GRUB...
         Stopping LSB: automatic crash report generation...
         Stopping Deferred execution scheduler...
[[0;32m  OK  [0m] Stopped target Login Prompts.
         Stopping Getty on tty1...
         Stopping Serial Getty on ttyS0...
         Stopping Virtualbox guest utils...
         Stopping OpenBSD Secure Shell server...
[[0;32m  OK  [0m] Unmounted /var/lib/lxcfs.
[[0;32m  OK  [0m] Stopped Dispatcher daemon for systemd-networkd.
[[0;32m  OK  [0m] Stopped Regular background program processing daemon.
[[0;32m  OK  [0m] Stopped Deferred execution scheduler.
[[0;32m  OK  [0m] Stopped Accounts Service.
[[0;32m  OK  [0m] Stopped System Logging Service.
[[0;32m  OK  [0m] Stopped Serial Getty on ttyS0.
[[0;32m  OK  [0m] Stopped Authorization Manager.
[[0;32m  OK  [0m] Stopped Getty on tty1.
[[0;32m  OK  [0m] Stopped OpenBSD Secure Shell server.
[[0;32m  OK  [0m] Stopped User Manager for UID 1000.
[[0;32m  OK  [0m] Stopped Availability of block devices.
[[0;32m  OK  [0m] Stopped D-Bus System Message Bus.
[[0;32m  OK  [0m] Stopped FUSE filesystem for LXC.
[[0;32m  OK  [0m] Stopped Session 6 of user vagrant.
[[0;32m  OK  [0m] Removed slice User Slice of vagrant.
         Stopping Login Service...
[[0;32m  OK  [0m] Removed slice system-getty.slice.
         Stopping Permit User Sessions...
[[0;32m  OK  [0m] Removed slice system-serial\x2dgetty.slice.
[[0;32m  OK  [0m] Stopped target Login Prompts (Pre).
[[0;32m  OK  [0m] Stopped Login Service.
[[0;32m  OK  [0m] Stopped LXD - container startup/shutdown.
[[0;32m  OK  [0m] Stopped LSB: automatic crash report generation.
[[0;32m  OK  [0m] Stopped Permit User Sessions.
[[0;32m  OK  [0m] Stopped target Remote File Systems.
[[0;32m  OK  [0m] Stopped target User and Group Name Lookups.
[[0;32m  OK  [0m] Stopped LSB: Record successful boot for GRUB.
[[0;32m  OK  [0m] Stopped Virtualbox guest utils.
[[0;32m  OK  [0m] Stopped target Basic System.
[[0;32m  OK  [0m] Stopped target Sockets.
[[0;32m  OK  [0m] Closed cloud-init hotplug hook socket.
[[0;32m  OK  [0m] Closed D-Bus System Message Bus Socket.
[[0;32m  OK  [0m] Closed LXD - unix socket.
[[0;32m  OK  [0m] Closed ACPID Listen Socket.
[[0;32m  OK  [0m] Closed UUID daemon activation socket.
[[0;32m  OK  [0m] Closed Syslog Socket.
[[0;32m  OK  [0m] Closed Socket activation for snappy daemon.
[[0;32m  OK  [0m] Closed Open-iSCSI iscsid Socket.
[[0;32m  OK  [0m] Stopped target Slices.
[[0;32m  OK  [0m] Removed slice User and Session Slice.
[[0;32m  OK  [0m] Stopped target Paths.
[[0;32m  OK  [0m] Stopped ACPI Events Check.
[[0;32m  OK  [0m] Stopped target System Initialization.
[[0;32m  OK  [0m] Stopped target Local Encrypted Volumes.
[[0;32m  OK  [0m] Stopped Dispatch Password Requests to Console Directory Watch.
[[0;32m  OK  [0m] Stopped Forward Password Requests to Wall Directory Watch.
         Stopping Load/Save Random Seed...
         Stopping Update UTMP about System Boot/Shutdown...
[[0;32m  OK  [0m] Stopped Commit a transient machine-id on disk.
[[0;32m  OK  [0m] Stopped target Local File Systems.
         Unmounting /vagrant...
         Unmounting /run/user/1000...
[[0;32m  OK  [0m] Stopped target Mounted snaps.
[[0;32m  OK  [0m] Stopped target Mounting snaps.
[[0;32m  OK  [0m] Stopped Load/Save Random Seed.
[[0;32m  OK  [0m] Unmounted /vagrant.
[[0;32m  OK  [0m] Unmounted /run/user/1000.
[[0;32m  OK  [0m] Stopped Update UTMP about System Boot/Shutdown.
[[0;32m  OK  [0m] Stopped target Swap.
[[0;32m  OK  [0m] Reached target Unmount All Filesystems.
[[0;32m  OK  [0m] Stopped target Local File Systems (Pre).
         Stopping Monitoring of LVM2 mirrors…ng dmeventd or progress polling...
[[0;32m  OK  [0m] Stopped Create Static Device Nodes in /dev.
[[0;32m  OK  [0m] Stopped target Network is Online.
[[0;32m  OK  [0m] Stopped Initial cloud-init job (metadata service crawler).
[[0;32m  OK  [0m] Stopped target Remote File Systems (Pre).
[[0;32m  OK  [0m] Stopped target Network.
         Stopping Network Name Resolution...
[[0;32m  OK  [0m] Stopped Network Name Resolution.
[[0;32m  OK  [0m] Stopped Monitoring of LVM2 mirrors,…sing dmeventd or progress polling.
         Stopping LVM2 metadata daemon...
         Stopping Network Service...
[[0;32m  OK  [0m] Stopped LVM2 metadata daemon.
[[0;32m  OK  [0m] Stopped Network Service.
[[0;32m  OK  [0m] Stopped target Network (Pre).
[[0;32m  OK  [0m] Stopped Initial cloud-init job (pre-networking).
[[0;32m  OK  [0m] Stopped Remount Root and Kernel File Systems.
[[0;32m  OK  [0m] Stopped Apply Kernel Variables.
[[0;32m  OK  [0m] Stopped Load Kernel Modules.
[[0;32m  OK  [0m] Reached target Shutdown.
[[0;32m  OK  [0m] Reached target Final Step.
         Starting Power-Off...
[ 5399.614951] reboot: Power down
